android/app/build/intermediates/manifest_merge_blame_file/debug/manifest-merger-blame-debug-report.txt
1<?xml version="1.0" encoding="utf-8"?>
2<manifest xmlns:android="http://schemas.android.com/apk/res/android"
3    package="com.example.elite_tiers"
4    android:versionCode="1"
5    android:versionName="1.0.0" >
6
7    <uses-sdk
8        android:minSdkVersion="21"
9        android:targetSdkVersion="35" />
10    <!--
11         The INTERNET permission is required for development. Specifically,
12         the Flutter tool needs it to communicate with the running application
13         to allow setting breakpoints, to provide hot reload, etc.
14    -->
15    <uses-permission android:name="android.permission.INTERNET" />
15-->src\main\AndroidManifest.xml:3:5-67
15-->src\main\AndroidManifest.xml:3:22-64
16    <uses-permission android:name="android.permission.ACCESS_WIFI_STATE" />
16-->src\main\AndroidManifest.xml:4:5-76
16-->src\main\AndroidManifest.xml:4:22-73
17    <uses-permission android:name="android.permission.ACCESS_NETWORK_STATE" />
17-->src\main\AndroidManifest.xml:5:5-79
17-->src\main\AndroidManifest.xml:5:22-76
18    <uses-permission android:name="android.permission.READ_EXTERNAL_STORAGE" />
18-->src\main\AndroidManifest.xml:6:5-80
18-->src\main\AndroidManifest.xml:6:22-77
19    <uses-permission android:name="android.permission.CAMERA" />
19-->src\main\AndroidManifest.xml:7:5-65
19-->src\main\AndroidManifest.xml:7:22-62
20    <uses-permission android:name="android.permission.WRITE_EXTERNAL_STORAGE" />
20-->src\main\AndroidManifest.xml:8:5-81
20-->src\main\AndroidManifest.xml:8:22-78
21    <uses-permission android:name="android.permission.READ_MEDIA_IMAGES" />
21-->src\main\AndroidManifest.xml:9:5-76
21-->src\main\AndroidManifest.xml:9:22-73
22    <uses-permission android:name="android.permission.READ_MEDIA_VIDEO" />
22-->src\main\AndroidManifest.xml:10:5-75
22-->src\main\AndroidManifest.xml:10:22-72
23    <uses-permission android:name="android.permission.READ_MEDIA_AUDIO" />
23-->src\main\AndroidManifest.xml:11:5-75
23-->src\main\AndroidManifest.xml:11:22-72
24    <uses-permission android:name="android.permission.ACCESS_COARSE_LOCATION" />
24-->src\main\AndroidManifest.xml:12:5-81
24-->src\main\AndroidManifest.xml:12:22-78
25    <uses-permission android:name="android.permission.RECORD_AUDIO" />
25-->src\main\AndroidManifest.xml:13:5-71
25-->src\main\AndroidManifest.xml:13:22-68
26    <uses-permission android:name="android.permission.BLUETOOTH_ADMIN" />
26-->src\main\AndroidManifest.xml:14:5-74
26-->src\main\AndroidManifest.xml:14:22-71
27    <uses-permission android:name="android.permission.BLUETOOTH_CONNECT" />
27-->src\main\AndroidManifest.xml:15:5-76
27-->src\main\AndroidManifest.xml:15:22-73
28    <uses-permission android:name="android.permission.BLUETOOTH" />
28-->src\main\AndroidManifest.xml:16:5-68
28-->src\main\AndroidManifest.xml:16:22-65
29    <uses-permission
29-->src\main\AndroidManifest.xml:17:5-19:58
30        android:name="android.permission.NEARBY_WIFI_DEVICES"
30-->src\main\AndroidManifest.xml:18:9-62
31        android:usesPermissionFlags="neverForLocation" />
31-->src\main\AndroidManifest.xml:19:9-55
32    <uses-permission android:name="android.permission.ACCESS_FINE_LOCATION" />
32-->src\main\AndroidManifest.xml:20:5-79
32-->src\main\AndroidManifest.xml:20:22-76
33    <!--
34 Required to query activities that can process text, see:
35        https://developer.android.com/training/package-visibility and
36        https://developer.android.com/reference/android/content/Intent#ACTION_PROCESS_TEXT.
37
38        In particular, this is used by the Flutter engine in io.flutter.plugin.text.ProcessTextPlugin.
39    -->
40    <queries>
40-->src\main\AndroidManifest.xml:58:5-63:15
41        <intent>
41-->src\main\AndroidManifest.xml:59:9-62:18
42            <action android:name="android.intent.action.PROCESS_TEXT" />
42-->src\main\AndroidManifest.xml:60:13-72
42-->src\main\AndroidManifest.xml:60:21-70
43
44            <data android:mimeType="text/plain" />
44-->src\main\AndroidManifest.xml:61:13-50
44-->src\main\AndroidManifest.xml:61:19-48
45        </intent>
46        <intent>
46-->[:flutter_downloader] AndroidManifest.xml:9:9-11:18
47            <action android:name="android.intent.action.VIEW" />
47-->[:flutter_downloader] AndroidManifest.xml:10:13-65
47-->[:flutter_downloader] AndroidManifest.xml:10:21-62
48        </intent>
49        <intent>
49-->[:flutter_inappwebview_android] AndroidManifest.xml:8:9-10:18
50            <action android:name="android.support.customtabs.action.CustomTabsService" />
50-->[:flutter_inappwebview_android] AndroidManifest.xml:9:13-90
50-->[:flutter_inappwebview_android] AndroidManifest.xml:9:21-87
51        </intent>
52    </queries>
53
54    <uses-permission android:name="android.permission.POST_NOTIFICATIONS" />
54-->[:flutter_downloader] AndroidManifest.xml:14:5-77
54-->[:flutter_downloader] AndroidManifest.xml:14:22-74
55
56    <uses-feature
56-->[:tamara_flutter_sdk] AndroidManifest.xml:7:5-9:35
57        android:name="android.hardware.camera"
57-->[:tamara_flutter_sdk] AndroidManifest.xml:8:9-47
58        android:required="true" />
58-->[:tamara_flutter_sdk] AndroidManifest.xml:9:9-32
59    <uses-feature android:name="android.hardware.camera.autofocus" />
59-->[:tamara_flutter_sdk] AndroidManifest.xml:14:5-70
59-->[:tamara_flutter_sdk] AndroidManifest.xml:14:19-67
60
61    <uses-permission android:name="android.permission.WAKE_LOCK" />
61-->[androidx.work:work-runtime:2.9.0] AndroidManifest.xml:23:5-68
61-->[androidx.work:work-runtime:2.9.0] AndroidManifest.xml:23:22-65
62    <uses-permission android:name="android.permission.RECEIVE_BOOT_COMPLETED" />
62-->[androidx.work:work-runtime:2.9.0] AndroidManifest.xml:25:5-81
62-->[androidx.work:work-runtime:2.9.0] AndroidManifest.xml:25:22-78
63    <uses-permission android:name="android.permission.FOREGROUND_SERVICE" />
63-->[androidx.work:work-runtime:2.9.0] AndroidManifest.xml:26:5-77
63-->[androidx.work:work-runtime:2.9.0] AndroidManifest.xml:26:22-74
64
65    <permission
65-->[androidx.core:core:1.13.1] AndroidManifest.xml:22:5-24:47
66        android:name="com.example.elite_tiers.DYNAMIC_RECEIVER_NOT_EXPORTED_PERMISSION"
66-->[androidx.core:core:1.13.1] AndroidManifest.xml:23:9-81
67        android:protectionLevel="signature" />
67-->[androidx.core:core:1.13.1] AndroidManifest.xml:24:9-44
68
69    <uses-permission android:name="com.example.elite_tiers.DYNAMIC_RECEIVER_NOT_EXPORTED_PERMISSION" />
69-->[androidx.core:core:1.13.1] AndroidManifest.xml:26:5-97
69-->[androidx.core:core:1.13.1] AndroidManifest.xml:26:22-94
70
71    <application
72        android:name="android.app.Application"
73        android:appComponentFactory="androidx.core.app.CoreComponentFactory"
73-->[androidx.core:core:1.13.1] AndroidManifest.xml:28:18-86
74        android:debuggable="true"
75        android:extractNativeLibs="true"
76        android:icon="@mipmap/ic_launcher"
77        android:label="Elite Tiers" >
78        <activity
79            android:name="com.example.elite_tiers.MainActivity"
80            android:configChanges="orientation|keyboardHidden|keyboard|screenSize|smallestScreenSize|locale|layoutDirection|fontScale|screenLayout|density|uiMode"
81            android:exported="true"
82            android:hardwareAccelerated="true"
83            android:launchMode="singleTop"
84            android:taskAffinity=""
85            android:theme="@style/LaunchTheme"
86            android:windowSoftInputMode="adjustResize" >
87
88            <!--
89                 Specifies an Android theme to apply to this Activity as soon as
90                the Android process has started. This theme is visible to the user
91                while the Flutter UI initializes. After that, this theme continues
92                to determine the Window background behind the Flutter UI.
93            -->
94            <meta-data
95                android:name="io.flutter.embedding.android.NormalTheme"
96                android:resource="@style/NormalTheme" />
97
98            <intent-filter>
99                <action android:name="android.intent.action.MAIN" />
100
101                <category android:name="android.intent.category.LAUNCHER" />
102            </intent-filter>
103        </activity>
104        <!--
105             Don't delete the meta-data below.
106            This is used by the Flutter tool to generate GeneratedPluginRegistrant.java
107        -->
108        <meta-data
109            android:name="flutterEmbedding"
110            android:value="2" />
111
112        <activity
112-->[:flutter_inappwebview_android] AndroidManifest.xml:14:9-18:47
113            android:name="com.pichillilorenzo.flutter_inappwebview_android.in_app_browser.InAppBrowserActivity"
113-->[:flutter_inappwebview_android] AndroidManifest.xml:15:13-112
114            android:configChanges="orientation|keyboardHidden|keyboard|screenSize|locale|layoutDirection|fontScale|screenLayout|density"
114-->[:flutter_inappwebview_android] AndroidManifest.xml:16:13-137
115            android:exported="false"
115-->[:flutter_inappwebview_android] AndroidManifest.xml:17:13-37
116            android:theme="@style/AppTheme" />
116-->[:flutter_inappwebview_android] AndroidManifest.xml:18:13-44
117        <activity
117-->[:flutter_inappwebview_android] AndroidManifest.xml:19:9-22:55
118            android:name="com.pichillilorenzo.flutter_inappwebview_android.chrome_custom_tabs.ChromeCustomTabsActivity"
118-->[:flutter_inappwebview_android] AndroidManifest.xml:20:13-120
119            android:exported="false"
119-->[:flutter_inappwebview_android] AndroidManifest.xml:21:13-37
120            android:theme="@style/ThemeTransparent" />
120-->[:flutter_inappwebview_android] AndroidManifest.xml:22:13-52
121        <activity
121-->[:flutter_inappwebview_android] AndroidManifest.xml:23:9-26:55
122            android:name="com.pichillilorenzo.flutter_inappwebview_android.chrome_custom_tabs.TrustedWebActivity"
122-->[:flutter_inappwebview_android] AndroidManifest.xml:24:13-114
123            android:exported="false"
123-->[:flutter_inappwebview_android] AndroidManifest.xml:25:13-37
124            android:theme="@style/ThemeTransparent" />
124-->[:flutter_inappwebview_android] AndroidManifest.xml:26:13-52
125        <activity
125-->[:flutter_inappwebview_android] AndroidManifest.xml:27:9-31:55
126            android:name="com.pichillilorenzo.flutter_inappwebview_android.chrome_custom_tabs.ChromeCustomTabsActivitySingleInstance"
126-->[:flutter_inappwebview_android] AndroidManifest.xml:28:13-134
127            android:exported="false"
127-->[:flutter_inappwebview_android] AndroidManifest.xml:29:13-37
128            android:launchMode="singleInstance"
128-->[:flutter_inappwebview_android] AndroidManifest.xml:30:13-48
129            android:theme="@style/ThemeTransparent" />
129-->[:flutter_inappwebview_android] AndroidManifest.xml:31:13-52
130        <activity
130-->[:flutter_inappwebview_android] AndroidManifest.xml:32:9-36:55
131            android:name="com.pichillilorenzo.flutter_inappwebview_android.chrome_custom_tabs.TrustedWebActivitySingleInstance"
131-->[:flutter_inappwebview_android] AndroidManifest.xml:33:13-128
132            android:exported="false"
132-->[:flutter_inappwebview_android] AndroidManifest.xml:34:13-37
133            android:launchMode="singleInstance"
133-->[:flutter_inappwebview_android] AndroidManifest.xml:35:13-48
134            android:theme="@style/ThemeTransparent" />
134-->[:flutter_inappwebview_android] AndroidManifest.xml:36:13-52
135
136        <receiver
136-->[:flutter_inappwebview_android] AndroidManifest.xml:38:9-41:40
137            android:name="com.pichillilorenzo.flutter_inappwebview_android.chrome_custom_tabs.ActionBroadcastReceiver"
137-->[:flutter_inappwebview_android] AndroidManifest.xml:39:13-119
138            android:enabled="true"
138-->[:flutter_inappwebview_android] AndroidManifest.xml:40:13-35
139            android:exported="false" />
139-->[:flutter_inappwebview_android] AndroidManifest.xml:41:13-37
140
141        <meta-data
141-->[:flutter_inappwebview_android] AndroidManifest.xml:43:9-45:36
142            android:name="io.flutter.embedded_views_preview"
142-->[:flutter_inappwebview_android] AndroidManifest.xml:44:13-61
143            android:value="true" />
143-->[:flutter_inappwebview_android] AndroidManifest.xml:45:13-33
144
145        <activity
145-->[:tamara_flutter_sdk] AndroidManifest.xml:17:9-19:53
146            android:name="co.tamara.sdk.TamaraPaymentActivity"
146-->[:tamara_flutter_sdk] AndroidManifest.xml:18:13-63
147            android:theme="@style/TamaraAppTheme" />
147-->[:tamara_flutter_sdk] AndroidManifest.xml:19:13-50
148        <activity
148-->[:tamara_flutter_sdk] AndroidManifest.xml:20:9-22:53
149            android:name="co.tamara.sdk.TamaraInformationActivity"
149-->[:tamara_flutter_sdk] AndroidManifest.xml:21:13-67
150            android:theme="@style/TamaraAppTheme" />
150-->[:tamara_flutter_sdk] AndroidManifest.xml:22:13-50
151        <activity
151-->[:tamara_flutter_sdk] AndroidManifest.xml:23:9-25:53
152            android:name="co.tamara.sdk.TamaraWidgetActivity"
152-->[:tamara_flutter_sdk] AndroidManifest.xml:24:13-62
153            android:theme="@style/TamaraAppTheme" />
153-->[:tamara_flutter_sdk] AndroidManifest.xml:25:13-50
154        <!--
155           Declares a provider which allows us to store files to share in
156           '.../caches/share_plus' and grant the receiving action access
157        -->
158        <provider
158-->[:share_plus] AndroidManifest.xml:13:9-21:20
159            android:name="dev.fluttercommunity.plus.share.ShareFileProvider"
159-->[:share_plus] AndroidManifest.xml:14:13-77
160            android:authorities="com.example.elite_tiers.flutter.share_provider"
160-->[:share_plus] AndroidManifest.xml:15:13-74
161            android:exported="false"
161-->[:share_plus] AndroidManifest.xml:16:13-37
162            android:grantUriPermissions="true" >
162-->[:share_plus] AndroidManifest.xml:17:13-47
163            <meta-data
163-->[:share_plus] AndroidManifest.xml:18:13-20:68
164                android:name="android.support.FILE_PROVIDER_PATHS"
164-->[:share_plus] AndroidManifest.xml:19:17-67
165                android:resource="@xml/flutter_share_file_paths" />
165-->[:share_plus] AndroidManifest.xml:20:17-65
166        </provider>
167        <!--
168           This manifest declared broadcast receiver allows us to use an explicit
169           Intent when creating a PendingItent to be informed of the user's choice
170        -->
171        <receiver
171-->[:share_plus] AndroidManifest.xml:26:9-32:20
172            android:name="dev.fluttercommunity.plus.share.SharePlusPendingIntent"
172-->[:share_plus] AndroidManifest.xml:27:13-82
173            android:exported="false" >
173-->[:share_plus] AndroidManifest.xml:28:13-37
174            <intent-filter>
174-->[:share_plus] AndroidManifest.xml:29:13-31:29
175                <action android:name="EXTRA_CHOSEN_COMPONENT" />
175-->[:share_plus] AndroidManifest.xml:30:17-65
175-->[:share_plus] AndroidManifest.xml:30:25-62
176            </intent-filter>
177        </receiver>
178
179        <activity
179-->[:url_launcher_android] AndroidManifest.xml:8:9-11:74
180            android:name="io.flutter.plugins.urllauncher.WebViewActivity"
180-->[:url_launcher_android] AndroidManifest.xml:9:13-74
181            android:exported="false"
181-->[:url_launcher_android] AndroidManifest.xml:10:13-37
182            android:theme="@android:style/Theme.NoTitleBar.Fullscreen" />
182-->[:url_launcher_android] AndroidManifest.xml:11:13-71
183
184        <provider
184-->[androidx.work:work-runtime:2.9.0] AndroidManifest.xml:29:9-37:20
185            android:name="androidx.startup.InitializationProvider"
185-->[androidx.work:work-runtime:2.9.0] AndroidManifest.xml:30:13-67
186            android:authorities="com.example.elite_tiers.androidx-startup"
186-->[androidx.work:work-runtime:2.9.0] AndroidManifest.xml:31:13-68
187            android:exported="false" >
187-->[androidx.work:work-runtime:2.9.0] AndroidManifest.xml:32:13-37
188            <meta-data
188-->[androidx.work:work-runtime:2.9.0] AndroidManifest.xml:34:13-36:52
189                android:name="androidx.work.WorkManagerInitializer"
189-->[androidx.work:work-runtime:2.9.0] AndroidManifest.xml:35:17-68
190                android:value="androidx.startup" />
190-->[androidx.work:work-runtime:2.9.0] AndroidManifest.xml:36:17-49
191            <meta-data
191-->[androidx.emoji2:emoji2:1.3.0] AndroidManifest.xml:29:13-31:52
192                android:name="androidx.emoji2.text.EmojiCompatInitializer"
192-->[androidx.emoji2:emoji2:1.3.0] AndroidManifest.xml:30:17-75
193                android:value="androidx.startup" />
193-->[androidx.emoji2:emoji2:1.3.0] AndroidManifest.xml:31:17-49
194            <meta-data
194-->[androidx.lifecycle:lifecycle-process:2.8.6] AndroidManifest.xml:29:13-31:52
195                android:name="androidx.lifecycle.ProcessLifecycleInitializer"
195-->[androidx.lifecycle:lifecycle-process:2.8.6] AndroidManifest.xml:30:17-78
196                android:value="androidx.startup" />
196-->[androidx.lifecycle:lifecycle-process:2.8.6] AndroidManifest.xml:31:17-49
197            <meta-data
197-->[androidx.profileinstaller:profileinstaller:1.3.1] AndroidManifest.xml:29:13-31:52
198                android:name="androidx.profileinstaller.ProfileInstallerInitializer"
198-->[androidx.profileinstaller:profileinstaller:1.3.1] AndroidManifest.xml:30:17-85
199                android:value="androidx.startup" />
199-->[androidx.profileinstaller:profileinstaller:1.3.1] AndroidManifest.xml:31:17-49
200        </provider>
201
202        <service
202-->[androidx.work:work-runtime:2.9.0] AndroidManifest.xml:39:9-45:35
203            android:name="androidx.work.impl.background.systemalarm.SystemAlarmService"
203-->[androidx.work:work-runtime:2.9.0] AndroidManifest.xml:40:13-88
204            android:directBootAware="false"
204-->[androidx.work:work-runtime:2.9.0] AndroidManifest.xml:41:13-44
205            android:enabled="@bool/enable_system_alarm_service_default"
205-->[androidx.work:work-runtime:2.9.0] AndroidManifest.xml:42:13-72
206            android:exported="false" />
206-->[androidx.work:work-runtime:2.9.0] AndroidManifest.xml:43:13-37
207        <service
207-->[androidx.work:work-runtime:2.9.0] AndroidManifest.xml:46:9-52:35
208            android:name="androidx.work.impl.background.systemjob.SystemJobService"
208-->[androidx.work:work-runtime:2.9.0] AndroidManifest.xml:47:13-84
209            android:directBootAware="false"
209-->[androidx.work:work-runtime:2.9.0] AndroidManifest.xml:48:13-44
210            android:enabled="@bool/enable_system_job_service_default"
210-->[androidx.work:work-runtime:2.9.0] AndroidManifest.xml:49:13-70
211            android:exported="true"
211-->[androidx.work:work-runtime:2.9.0] AndroidManifest.xml:50:13-36
212            android:permission="android.permission.BIND_JOB_SERVICE" />
212-->[androidx.work:work-runtime:2.9.0] AndroidManifest.xml:51:13-69
213        <service
213-->[androidx.work:work-runtime:2.9.0] AndroidManifest.xml:53:9-59:35
214            android:name="androidx.work.impl.foreground.SystemForegroundService"
214-->[androidx.work:work-runtime:2.9.0] AndroidManifest.xml:54:13-81
215            android:directBootAware="false"
215-->[androidx.work:work-runtime:2.9.0] AndroidManifest.xml:55:13-44
216            android:enabled="@bool/enable_system_foreground_service_default"
216-->[androidx.work:work-runtime:2.9.0] AndroidManifest.xml:56:13-77
217            android:exported="false" />
217-->[androidx.work:work-runtime:2.9.0] AndroidManifest.xml:57:13-37
218
219        <receiver
219-->[androidx.work:work-runtime:2.9.0] AndroidManifest.xml:61:9-66:35
220            android:name="androidx.work.impl.utils.ForceStopRunnable$BroadcastReceiver"
220-->[androidx.work:work-runtime:2.9.0] AndroidManifest.xml:62:13-88
221            android:directBootAware="false"
221-->[androidx.work:work-runtime:2.9.0] AndroidManifest.xml:63:13-44
222            android:enabled="true"
222-->[androidx.work:work-runtime:2.9.0] AndroidManifest.xml:64:13-35
223            android:exported="false" />
223-->[androidx.work:work-runtime:2.9.0] AndroidManifest.xml:65:13-37
224        <receiver
224-->[androidx.work:work-runtime:2.9.0] AndroidManifest.xml:67:9-77:20
225            android:name="androidx.work.impl.background.systemalarm.ConstraintProxy$BatteryChargingProxy"
225-->[androidx.work:work-runtime:2.9.0] AndroidManifest.xml:68:13-106
226            android:directBootAware="false"
226-->[androidx.work:work-runtime:2.9.0] AndroidManifest.xml:69:13-44
227            android:enabled="false"
227-->[androidx.work:work-runtime:2.9.0] AndroidManifest.xml:70:13-36
228            android:exported="false" >
228-->[androidx.work:work-runtime:2.9.0] AndroidManifest.xml:71:13-37
229            <intent-filter>
229-->[androidx.work:work-runtime:2.9.0] AndroidManifest.xml:73:13-76:29
230                <action android:name="android.intent.action.ACTION_POWER_CONNECTED" />
230-->[androidx.work:work-runtime:2.9.0] AndroidManifest.xml:74:17-87
230-->[androidx.work:work-runtime:2.9.0] AndroidManifest.xml:74:25-84
231                <action android:name="android.intent.action.ACTION_POWER_DISCONNECTED" />
231-->[androidx.work:work-runtime:2.9.0] AndroidManifest.xml:75:17-90
231-->[androidx.work:work-runtime:2.9.0] AndroidManifest.xml:75:25-87
232            </intent-filter>
233        </receiver>
234        <receiver
234-->[androidx.work:work-runtime:2.9.0] AndroidManifest.xml:78:9-88:20
235            android:name="androidx.work.impl.background.systemalarm.ConstraintProxy$BatteryNotLowProxy"
235-->[androidx.work:work-runtime:2.9.0] AndroidManifest.xml:79:13-104
236            android:directBootAware="false"
236-->[androidx.work:work-runtime:2.9.0] AndroidManifest.xml:80:13-44
237            android:enabled="false"
237-->[androidx.work:work-runtime:2.9.0] AndroidManifest.xml:81:13-36
238            android:exported="false" >
238-->[androidx.work:work-runtime:2.9.0] AndroidManifest.xml:82:13-37
239            <intent-filter>
239-->[androidx.work:work-runtime:2.9.0] AndroidManifest.xml:84:13-87:29
240                <action android:name="android.intent.action.BATTERY_OKAY" />
240-->[androidx.work:work-runtime:2.9.0] AndroidManifest.xml:85:17-77
240-->[androidx.work:work-runtime:2.9.0] AndroidManifest.xml:85:25-74
241                <action android:name="android.intent.action.BATTERY_LOW" />
241-->[androidx.work:work-runtime:2.9.0] AndroidManifest.xml:86:17-76
241-->[androidx.work:work-runtime:2.9.0] AndroidManifest.xml:86:25-73
242            </intent-filter>
243        </receiver>
244        <receiver
244-->[androidx.work:work-runtime:2.9.0] AndroidManifest.xml:89:9-99:20
245            android:name="androidx.work.impl.background.systemalarm.ConstraintProxy$StorageNotLowProxy"
245-->[androidx.work:work-runtime:2.9.0] AndroidManifest.xml:90:13-104
246            android:directBootAware="false"
246-->[androidx.work:work-runtime:2.9.0] AndroidManifest.xml:91:13-44
247            android:enabled="false"
247-->[androidx.work:work-runtime:2.9.0] AndroidManifest.xml:92:13-36
248            android:exported="false" >
248-->[androidx.work:work-runtime:2.9.0] AndroidManifest.xml:93:13-37
249            <intent-filter>
249-->[androidx.work:work-runtime:2.9.0] AndroidManifest.xml:95:13-98:29
250                <action android:name="android.intent.action.DEVICE_STORAGE_LOW" />
250-->[androidx.work:work-runtime:2.9.0] AndroidManifest.xml:96:17-83
250-->[androidx.work:work-runtime:2.9.0] AndroidManifest.xml:96:25-80
251                <action android:name="android.intent.action.DEVICE_STORAGE_OK" />
251-->[androidx.work:work-runtime:2.9.0] AndroidManifest.xml:97:17-82
251-->[androidx.work:work-runtime:2.9.0] AndroidManifest.xml:97:25-79
252            </intent-filter>
253        </receiver>
254        <receiver
254-->[androidx.work:work-runtime:2.9.0] AndroidManifest.xml:100:9-109:20
255            android:name="androidx.work.impl.background.systemalarm.ConstraintProxy$NetworkStateProxy"
255-->[androidx.work:work-runtime:2.9.0] AndroidManifest.xml:101:13-103
256            android:directBootAware="false"
256-->[androidx.work:work-runtime:2.9.0] AndroidManifest.xml:102:13-44
257            android:enabled="false"
257-->[androidx.work:work-runtime:2.9.0] AndroidManifest.xml:103:13-36
258            android:exported="false" >
258-->[androidx.work:work-runtime:2.9.0] AndroidManifest.xml:104:13-37
259            <intent-filter>
259-->[androidx.work:work-runtime:2.9.0] AndroidManifest.xml:106:13-108:29
260                <action android:name="android.net.conn.CONNECTIVITY_CHANGE" />
260-->[androidx.work:work-runtime:2.9.0] AndroidManifest.xml:107:17-79
260-->[androidx.work:work-runtime:2.9.0] AndroidManifest.xml:107:25-76
261            </intent-filter>
262        </receiver>
263        <receiver
263-->[androidx.work:work-runtime:2.9.0] AndroidManifest.xml:110:9-121:20
264            android:name="androidx.work.impl.background.systemalarm.RescheduleReceiver"
264-->[androidx.work:work-runtime:2.9.0] AndroidManifest.xml:111:13-88
265            android:directBootAware="false"
265-->[androidx.work:work-runtime:2.9.0] AndroidManifest.xml:112:13-44
266            android:enabled="false"
266-->[androidx.work:work-runtime:2.9.0] AndroidManifest.xml:113:13-36
267            android:exported="false" >
267-->[androidx.work:work-runtime:2.9.0] AndroidManifest.xml:114:13-37
268            <intent-filter>
268-->[androidx.work:work-runtime:2.9.0] AndroidManifest.xml:116:13-120:29
269                <action android:name="android.intent.action.BOOT_COMPLETED" />
269-->[androidx.work:work-runtime:2.9.0] AndroidManifest.xml:117:17-79
269-->[androidx.work:work-runtime:2.9.0] AndroidManifest.xml:117:25-76
270                <action android:name="android.intent.action.TIME_SET" />
270-->[androidx.work:work-runtime:2.9.0] AndroidManifest.xml:118:17-73
270-->[androidx.work:work-runtime:2.9.0] AndroidManifest.xml:118:25-70
271                <action android:name="android.intent.action.TIMEZONE_CHANGED" />
271-->[androidx.work:work-runtime:2.9.0] AndroidManifest.xml:119:17-81
271-->[androidx.work:work-runtime:2.9.0] AndroidManifest.xml:119:25-78
272            </intent-filter>
273        </receiver>
274        <receiver
274-->[androidx.work:work-runtime:2.9.0] AndroidManifest.xml:122:9-131:20
275            android:name="androidx.work.impl.background.systemalarm.ConstraintProxyUpdateReceiver"
275-->[androidx.work:work-runtime:2.9.0] AndroidManifest.xml:123:13-99
276            android:directBootAware="false"
276-->[androidx.work:work-runtime:2.9.0] AndroidManifest.xml:124:13-44
277            android:enabled="@bool/enable_system_alarm_service_default"
277-->[androidx.work:work-runtime:2.9.0] AndroidManifest.xml:125:13-72
278            android:exported="false" >
278-->[androidx.work:work-runtime:2.9.0] AndroidManifest.xml:126:13-37
279            <intent-filter>
279-->[androidx.work:work-runtime:2.9.0] AndroidManifest.xml:128:13-130:29
280                <action android:name="androidx.work.impl.background.systemalarm.UpdateProxies" />
280-->[androidx.work:work-runtime:2.9.0] AndroidManifest.xml:129:17-98
280-->[androidx.work:work-runtime:2.9.0] AndroidManifest.xml:129:25-95
281            </intent-filter>
282        </receiver>
283        <receiver
283-->[androidx.work:work-runtime:2.9.0] AndroidManifest.xml:132:9-142:20
284            android:name="androidx.work.impl.diagnostics.DiagnosticsReceiver"
284-->[androidx.work:work-runtime:2.9.0] AndroidManifest.xml:133:13-78
285            android:directBootAware="false"
285-->[androidx.work:work-runtime:2.9.0] AndroidManifest.xml:134:13-44
286            android:enabled="true"
286-->[androidx.work:work-runtime:2.9.0] AndroidManifest.xml:135:13-35
287            android:exported="true"
287-->[androidx.work:work-runtime:2.9.0] AndroidManifest.xml:136:13-36
288            android:permission="android.permission.DUMP" >
288-->[androidx.work:work-runtime:2.9.0] AndroidManifest.xml:137:13-57
289            <intent-filter>
289-->[androidx.work:work-runtime:2.9.0] AndroidManifest.xml:139:13-141:29
290                <action android:name="androidx.work.diagnostics.REQUEST_DIAGNOSTICS" />
290-->[androidx.work:work-runtime:2.9.0] AndroidManifest.xml:140:17-88
290-->[androidx.work:work-runtime:2.9.0] AndroidManifest.xml:140:25-85
291            </intent-filter>
292        </receiver>
293
294        <uses-library
294-->[androidx.window:window:1.2.0] AndroidManifest.xml:23:9-25:40
295            android:name="androidx.window.extensions"
295-->[androidx.window:window:1.2.0] AndroidManifest.xml:24:13-54
296            android:required="false" />
296-->[androidx.window:window:1.2.0] AndroidManifest.xml:25:13-37
297        <uses-library
297-->[androidx.window:window:1.2.0] AndroidManifest.xml:26:9-28:40
298            android:name="androidx.window.sidecar"
298-->[androidx.window:window:1.2.0] AndroidManifest.xml:27:13-51
299            android:required="false" />
299-->[androidx.window:window:1.2.0] AndroidManifest.xml:28:13-37
300
301        <service
301-->[androidx.room:room-runtime:2.5.0] AndroidManifest.xml:24:9-28:63
302            android:name="androidx.room.MultiInstanceInvalidationService"
302-->[androidx.room:room-runtime:2.5.0] AndroidManifest.xml:25:13-74
303            android:directBootAware="true"
303-->[androidx.room:room-runtime:2.5.0] AndroidManifest.xml:26:13-43
304            android:exported="false" />
304-->[androidx.room:room-runtime:2.5.0] AndroidManifest.xml:27:13-37
305
306        <receiver
306-->[androidx.profileinstaller:profileinstaller:1.3.1] AndroidManifest.xml:34:9-52:20
307            android:name="androidx.profileinstaller.ProfileInstallReceiver"
307-->[androidx.profileinstaller:profileinstaller:1.3.1] AndroidManifest.xml:35:13-76
308            android:directBootAware="false"